[    45.184] (--) Log file renamed from "/home/suneethaanipireddy/.local/share/xorg/Xorg.pid-2391.log" to "/home/suneethaanipireddy/.local/share/xorg/Xorg.0.log"
[    45.185] 
X.Org X Server 1.20.5
X Protocol Version 11, Revision 0
[    45.185] Build Operating System: Linux 4.4.0-170-generic x86_64 Ubuntu
[    45.185] Current Operating System: Linux WFPBLRITLAP380 5.0.0-1034-oem-osp1 #39-Ubuntu SMP Tue Jan 7 14:12:34 UTC 2020 x86_64
[    45.185] Kernel command line: BOOT_IMAGE=/boot/vmlinuz-5.0.0-1034-oem-osp1.efi.signed root=UUID=0356dc3a-26c9-40e5-ae88-c0226f3e52e0 ro quiet splash vt.handoff=1
[    45.185] Build Date: 18 December 2019  08:15:29AM
[    45.185] xorg-server-hwe-18.04 2:1.20.5+git20191008-0ubuntu1~18.04.1 (For technical support please see http://www.ubuntu.com/support) 
[    45.185] Current version of pixman: 0.34.0
[    45.185] 	Before reporting problems, check http://wiki.x.org
	to make sure that you have the latest version.
[    45.185] Markers: (--) probed, (**) from config file, (==) default setting,
	(++) from command line, (!!) notice, (II) informational,
	(WW) warning, (EE) error, (NI) not implemented, (??) unknown.
[    45.185] (==) Log file: "/home/suneethaanipireddy/.local/share/xorg/Xorg.0.log", Time: Tue Dec 28 09:44:24 2021
[    45.186] (==) Using system config directory "/usr/share/X11/xorg.conf.d"
[    45.188] (==) No Layout section.  Using the first Screen section.
[    45.188] (==) No screen section available. Using defaults.
[    45.188] (**) |-->Screen "Default Screen Section" (0)
[    45.188] (**) |   |-->Monitor "<default monitor>"
[    45.189] (==) No monitor specified for screen "Default Screen Section".
	Using a default monitor configuration.
[    45.189] (==) Automatically adding devices
[    45.189] (==) Automatically enabling devices
[    45.189] (==) Automatically adding GPU devices
[    45.189] (==) Automatically binding GPU devices
[    45.189] (==) Max clients allowed: 256, resource mask: 0x1fffff
[    45.189] (WW) The directory "/usr/share/fonts/X11/cyrillic" does not exist.
[    45.189] 	Entry deleted from font path.
[    45.189] (WW) The directory "/usr/share/fonts/X11/100dpi/" does not exist.
[    45.189] 	Entry deleted from font path.
[    45.189] (WW) The directory "/usr/share/fonts/X11/75dpi/" does not exist.
[    45.189] 	Entry deleted from font path.
[    45.189] (WW) The directory "/usr/share/fonts/X11/100dpi" does not exist.
[    45.189] 	Entry deleted from font path.
[    45.189] (WW) The directory "/usr/share/fonts/X11/75dpi" does not exist.
[    45.189] 	Entry deleted from font path.
[    45.189] (==) FontPath set to:
	/usr/share/fonts/X11/misc,
	/usr/share/fonts/X11/Type1,
	built-ins
[    45.189] (==) ModulePath set to "/usr/lib/xorg/modules"
[    45.189] (II) The server relies on udev to provide the list of input devices.
	If no devices become available, reconfigure udev or disable AutoAddDevices.
[    45.189] (II) Loader magic: 0x55ab18026020
[    45.189] (II) Module ABI versions:
[    45.189] 	X.Org ANSI C Emulation: 0.4
[    45.189] 	X.Org Video Driver: 24.0
[    45.189] 	X.Org XInput driver : 24.1
[    45.189] 	X.Org Server Extension : 10.0
[    45.191] (++) using VT number 2

[    45.196] (II) systemd-logind: took control of session /org/freedesktop/login1/session/_37
[    45.198] (II) xfree86: Adding drm device (/dev/dri/card0)
[    45.198] (II) systemd-logind: got fd for /dev/dri/card0 226:0 fd 12 paused 0
[    45.201] (--) PCI:*(0@0:2:0) 8086:9b41:1028:09ec rev 2, Mem @ 0x6000000000/16777216, 0x4000000000/268435456, I/O @ 0x00004000/64, BIOS @ 0x????????/131072
[    45.201] (II) LoadModule: "glx"
[    45.201] (II) Loading /usr/lib/xorg/modules/extensions/libglx.so
[    45.203] (II) Module glx: vendor="X.Org Foundation"
[    45.203] 	compiled for 1.20.5, module version = 1.0.0
[    45.203] 	ABI class: X.Org Server Extension, version 10.0
[    45.203] (==) Matched modesetting as autoconfigured driver 0
[    45.203] (==) Matched fbdev as autoconfigured driver 1
[    45.203] (==) Matched vesa as autoconfigured driver 2
[    45.203] (==) Assigned the driver to the xf86ConfigLayout
[    45.203] (II) LoadModule: "modesetting"
[    45.203] (II) Loading /usr/lib/xorg/modules/drivers/modesetting_drv.so
[    45.204] (II) Module modesetting: vendor="X.Org Foundation"
[    45.204] 	compiled for 1.20.5, module version = 1.20.5
[    45.204] 	Module class: X.Org Video Driver
[    45.204] 	ABI class: X.Org Video Driver, version 24.0
[    45.204] (II) LoadModule: "fbdev"
[    45.204] (II) Loading /usr/lib/xorg/modules/drivers/fbdev_drv.so
[    45.204] (II) Module fbdev: vendor="X.Org Foundation"
[    45.204] 	compiled for 1.20.1, module version = 0.5.0
[    45.204] 	Module class: X.Org Video Driver
[    45.204] 	ABI class: X.Org Video Driver, version 24.0
[    45.204] (II) LoadModule: "vesa"
[    45.204] (II) Loading /usr/lib/xorg/modules/drivers/vesa_drv.so
[    45.205] (II) Module vesa: vendor="X.Org Foundation"
[    45.205] 	compiled for 1.20.1, module version = 2.4.0
[    45.205] 	Module class: X.Org Video Driver
[    45.205] 	ABI class: X.Org Video Driver, version 24.0
[    45.205] (II) modesetting: Driver for Modesetting Kernel Drivers: kms
[    45.205] (II) FBDEV: driver for framebuffer: fbdev
[    45.205] (II) VESA: driver for VESA chipsets: vesa
[    45.205] xf86EnableIOPorts: failed to set IOPL for I/O (Operation not permitted)
[    45.205] (II) modeset(0): using drv /dev/dri/card0
[    45.205] (WW) Falling back to old probe method for fbdev
[    45.205] (II) Loading sub module "fbdevhw"
[    45.205] (II) LoadModule: "fbdevhw"
[    45.206] (II) Loading /usr/lib/xorg/modules/libfbdevhw.so
[    45.206] (II) Module fbdevhw: vendor="X.Org Foundation"
[    45.206] 	compiled for 1.20.5, module version = 0.0.2
[    45.206] 	ABI class: X.Org Video Driver, version 24.0
[    45.206] (EE) open /dev/fb0: Permission denied
[    45.206] (WW) VGA arbiter: cannot open kernel arbiter, no multi-card support
[    45.206] (II) modeset(0): Creating default Display subsection in Screen section
	"Default Screen Section" for depth/fbbpp 24/32
[    45.206] (==) modeset(0): Depth 24, (==) framebuffer bpp 32
[    45.206] (==) modeset(0): RGB weight 888
[    45.206] (==) modeset(0): Default visual is TrueColor
[    45.206] (II) Loading sub module "glamoregl"
[    45.206] (II) LoadModule: "glamoregl"
[    45.206] (II) Loading /usr/lib/xorg/modules/libglamoregl.so
[    45.210] (II) Module glamoregl: vendor="X.Org Foundation"
[    45.210] 	compiled for 1.20.5, module version = 1.0.1
[    45.210] 	ABI class: X.Org ANSI C Emulation, version 0.4
[    45.230] (II) modeset(0): glamor X acceleration enabled on Mesa DRI Intel(R) UHD Graphics (Comet Lake 3x8 GT2) 
[    45.230] (II) modeset(0): glamor initialized
[    45.232] (II) modeset(0): Output eDP-1 has no monitor section
[    45.241] (II) modeset(0): Output HDMI-1 has no monitor section
[    45.241] (II) modeset(0): Output DP-1 has no monitor section
[    45.250] (II) modeset(0): Output HDMI-2 has no monitor section
[    45.252] (II) modeset(0): EDID for output eDP-1
[    45.252] (II) modeset(0): Manufacturer: LGD  Model: 68a  Serial#: 0
[    45.252] (II) modeset(0): Year: 2020  Week: 0
[    45.252] (II) modeset(0): EDID Version: 1.4
[    45.252] (II) modeset(0): Digital Display Input
[    45.252] (II) modeset(0): 6 bits per channel
[    45.252] (II) modeset(0): Digital interface is DisplayPort
[    45.252] (II) modeset(0): Max Image Size [cm]: horiz.: 31  vert.: 17
[    45.252] (II) modeset(0): Gamma: 2.20
[    45.252] (II) modeset(0): DPMS capabilities: StandBy Suspend Off
[    45.252] (II) modeset(0): Supported color encodings: RGB 4:4:4 
[    45.252] (II) modeset(0): First detailed timing is preferred mode
[    45.252] (II) modeset(0): Preferred mode is native pixel format and refresh rate
[    45.252] (II) modeset(0): redX: 0.596 redY: 0.369   greenX: 0.351 greenY: 0.544
[    45.252] (II) modeset(0): blueX: 0.151 blueY: 0.112   whiteX: 0.313 whiteY: 0.329
[    45.252] (II) modeset(0): Manufacturer's mask: 0
[    45.252] (II) modeset(0): Supported detailed timing:
[    45.253] (II) modeset(0): clock: 138.7 MHz   Image Size:  309 x 174 mm
[    45.253] (II) modeset(0): h_active: 1920  h_sync: 1968  h_sync_end 2000 h_blank_end 2080 h_border: 0
[    45.253] (II) modeset(0): v_active: 1080  v_sync: 1083  v_sync_end 1088 v_blanking: 1111 v_border: 0
[    45.253] (II) modeset(0): Supported detailed timing:
[    45.253] (II) modeset(0): clock: 111.0 MHz   Image Size:  309 x 174 mm
[    45.253] (II) modeset(0): h_active: 1920  h_sync: 1968  h_sync_end 2000 h_blank_end 2080 h_border: 0
[    45.253] (II) modeset(0): v_active: 1080  v_sync: 1083  v_sync_end 1088 v_blanking: 1111 v_border: 0
[    45.253] (II) modeset(0):  340K9€140WFH
[    45.253] (II) modeset(0): Unknown vendor-specific block 0
[    45.253] (II) modeset(0): EDID (in hex):
[    45.253] (II) modeset(0): 	00ffffffffffff0030e48a0600000000
[    45.253] (II) modeset(0): 	001e0104951f1178e2adf5985e598b26
[    45.253] (II) modeset(0): 	1c505400000001010101010101010101
[    45.253] (II) modeset(0): 	0101010101012e3680a070381f403020
[    45.253] (II) modeset(0): 	350035ae1000001a582b80a070381f40
[    45.253] (II) modeset(0): 	3020350035ae1000001a000000fe0033
[    45.253] (II) modeset(0): 	34304b39803134305746480a00000000
[    45.253] (II) modeset(0): 	0000413196001000000a010a202000cb
[    45.253] (II) modeset(0): Printing probed modes for output eDP-1
[    45.253] (II) modeset(0): Modeline "1920x1080"x60.0  138.70  1920 1968 2000 2080  1080 1083 1088 1111 +hsync -vsync (66.7 kHz eP)
[    45.253] (II) modeset(0): Modeline "1920x1080"x120.0  356.38  1920 2080 2288 2656  1080 1081 1084 1118 doublescan -hsync +vsync (134.2 kHz d)
[    45.253] (II) modeset(0): Modeline "1920x1080"x119.9  266.50  1920 1944 1960 2000  1080 1081 1084 1111 doublescan +hsync -vsync (133.2 kHz d)
[    45.253] (II) modeset(0): Modeline "1920x1080"x60.0  173.00  1920 2048 2248 2576  1080 1083 1088 1120 -hsync +vsync (67.2 kHz d)
[    45.253] (II) modeset(0): Modeline "1920x1080"x59.9  138.50  1920 1968 2000 2080  1080 1083 1088 1111 +hsync -vsync (66.6 kHz d)
[    45.253] (II) modeset(0): Modeline "1920x1080"x48.0  110.96  1920 1968 2000 2080  1080 1083 1088 1111 +hsync -vsync (53.3 kHz e)
[    45.253] (II) modeset(0): Modeline "1680x1050"x60.0  146.25  1680 1784 1960 2240  1050 1053 1059 1089 -hsync +vsync (65.3 kHz d)
[    45.253] (II) modeset(0): Modeline "1680x1050"x59.9  119.00  1680 1728 1760 1840  1050 1053 1059 1080 +hsync -vsync (64.7 kHz d)
[    45.253] (II) modeset(0): Modeline "1600x1024"x60.2  103.12  1600 1600 1656 1664  1024 1024 1029 1030 +hsync +vsync (62.0 kHz d)
[    45.253] (II) modeset(0): Modeline "1400x1050"x60.0  122.00  1400 1488 1640 1880  1050 1052 1064 1082 +hsync +vsync (64.9 kHz d)
[    45.253] (II) modeset(0): Modeline "1600x900"x120.0  246.00  1600 1728 1900 2200  900 901 904 932 doublescan -hsync +vsync (111.8 kHz d)
[    45.253] (II) modeset(0): Modeline "1600x900"x119.9  186.50  1600 1624 1640 1680  900 901 904 926 doublescan +hsync -vsync (111.0 kHz d)
[    45.253] (II) modeset(0): Modeline "1600x900"x59.9  118.25  1600 1696 1856 2112  900 903 908 934 -hsync +vsync (56.0 kHz d)
[    45.253] (II) modeset(0): Modeline "1600x900"x59.8   97.50  1600 1648 1680 1760  900 903 908 926 +hsync -vsync (55.4 kHz d)
[    45.253] (II) modeset(0): Modeline "1280x1024"x60.0  108.00  1280 1328 1440 1688  1024 1025 1028 1066 +hsync +vsync (64.0 kHz d)
[    45.253] (II) modeset(0): Modeline "1440x900"x59.9  106.50  1440 1520 1672 1904  900 903 909 934 -hsync +vsync (55.9 kHz d)
[    45.253] (II) modeset(0): Modeline "1400x900"x60.0  103.50  1400 1480 1624 1848  900 903 913 934 -hsync +vsync (56.0 kHz d)
[    45.253] (II) modeset(0): Modeline "1400x900"x59.9   86.50  1400 1448 1480 1560  900 903 913 926 +hsync -vsync (55.4 kHz d)
[    45.253] (II) modeset(0): Modeline "1280x960"x60.0  108.00  1280 1376 1488 1800  960 961 964 1000 +hsync +vsync (60.0 kHz d)
[    45.253] (II) modeset(0): Modeline "1440x810"x120.0  198.12  1440 1548 1704 1968  810 811 814 839 doublescan -hsync +vsync (100.7 kHz d)
[    45.253] (II) modeset(0): Modeline "1440x810"x119.9  151.88  1440 1464 1480 1520  810 811 814 833 doublescan +hsync -vsync (99.9 kHz d)
[    45.253] (II) modeset(0): Modeline "1368x768"x59.9   85.25  1368 1440 1576 1784  768 771 781 798 -hsync +vsync (47.8 kHz d)
[    45.253] (II) modeset(0): Modeline "1368x768"x59.9   72.25  1368 1416 1448 1528  768 771 781 790 +hsync -vsync (47.3 kHz d)
[    45.253] (II) modeset(0): Modeline "1360x768"x59.8   84.75  1360 1432 1568 1776  768 771 781 798 -hsync +vsync (47.7 kHz d)
[    45.253] (II) modeset(0): Modeline "1360x768"x60.0   72.00  1360 1408 1440 1520  768 771 781 790 +hsync -vsync (47.4 kHz d)
[    45.253] (II) modeset(0): Modeline "1280x800"x120.0  174.25  1280 1380 1516 1752  800 801 804 829 doublescan -hsync +vsync (99.5 kHz d)
[    45.253] (II) modeset(0): Modeline "1280x800"x119.9  134.25  1280 1304 1320 1360  800 801 804 823 doublescan +hsync -vsync (98.7 kHz d)
[    45.253] (II) modeset(0): Modeline "1280x800"x59.8   83.50  1280 1352 1480 1680  800 803 809 831 -hsync +vsync (49.7 kHz d)
[    45.253] (II) modeset(0): Modeline "1280x800"x59.9   71.00  1280 1328 1360 1440  800 803 809 823 +hsync -vsync (49.3 kHz d)
[    45.253] (II) modeset(0): Modeline "1152x864"x60.0   81.62  1152 1216 1336 1520  864 865 868 895 -hsync +vsync (53.7 kHz d)
[    45.253] (II) modeset(0): Modeline "1280x720"x120.0  156.12  1280 1376 1512 1744  720 721 724 746 doublescan -hsync +vsync (89.5 kHz d)
[    45.254] (II) modeset(0): Modeline "1280x720"x120.0  120.75  1280 1304 1320 1360  720 721 724 740 doublescan +hsync -vsync (88.8 kHz d)
[    45.254] (II) modeset(0): Modeline "1280x720"x59.9   74.50  1280 1344 1472 1664  720 723 728 748 -hsync +vsync (44.8 kHz d)
[    45.254] (II) modeset(0): Modeline "1280x720"x59.7   63.75  1280 1328 1360 1440  720 723 728 741 +hsync -vsync (44.3 kHz d)
[    45.254] (II) modeset(0): Modeline "1024x768"x120.1  133.47  1024 1100 1212 1400  768 768 770 794 doublescan -hsync +vsync (95.3 kHz d)
[    45.254] (II) modeset(0): Modeline "1024x768"x60.0   65.00  1024 1048 1184 1344  768 771 777 806 -hsync -vsync (48.4 kHz d)
[    45.254] (II) modeset(0): Modeline "960x720"x120.0  117.00  960 1024 1128 1300  720 720 722 750 doublescan -hsync +vsync (90.0 kHz d)
[    45.254] (II) modeset(0): Modeline "928x696"x120.1  109.15  928 976 1088 1264  696 696 698 719 doublescan -hsync +vsync (86.4 kHz d)
[    45.254] (II) modeset(0): Modeline "896x672"x120.0  102.40  896 960 1060 1224  672 672 674 697 doublescan -hsync +vsync (83.7 kHz d)
[    45.254] (II) modeset(0): Modeline "1024x576"x119.9   98.50  1024 1092 1200 1376  576 577 580 597 doublescan -hsync +vsync (71.6 kHz d)
[    45.254] (II) modeset(0): Modeline "1024x576"x119.9   78.38  1024 1048 1064 1104  576 577 580 592 doublescan +hsync -vsync (71.0 kHz d)
[    45.254] (II) modeset(0): Modeline "1024x576"x59.9   46.50  1024 1064 1160 1296  576 579 584 599 -hsync +vsync (35.9 kHz d)
[    45.254] (II) modeset(0): Modeline "1024x576"x59.8   42.00  1024 1072 1104 1184  576 579 584 593 +hsync -vsync (35.5 kHz d)
[    45.254] (II) modeset(0): Modeline "960x600"x119.9   96.62  960 1028 1128 1296  600 601 604 622 doublescan -hsync +vsync (74.6 kHz d)
[    45.254] (II) modeset(0): Modeline "960x600"x120.0   77.00  960 984 1000 1040  600 601 604 617 doublescan +hsync -vsync (74.0 kHz d)
[    45.254] (II) modeset(0): Modeline "960x540"x119.9   86.50  960 1024 1124 1288  540 541 544 560 doublescan -hsync +vsync (67.2 kHz d)
[    45.254] (II) modeset(0): Modeline "960x540"x120.0   69.25  960 984 1000 1040  540 541 544 555 doublescan +hsync -vsync (66.6 kHz d)
[    45.254] (II) modeset(0): Modeline "960x540"x59.6   40.75  960 992 1088 1216  540 543 548 562 -hsync +vsync (33.5 kHz d)
[    45.254] (II) modeset(0): Modeline "960x540"x59.8   37.25  960 1008 1040 1120  540 543 548 556 +hsync -vsync (33.3 kHz d)
[    45.254] (II) modeset(0): Modeline "800x600"x120.0   81.00  800 832 928 1080  600 600 602 625 doublescan +hsync +vsync (75.0 kHz d)
[    45.254] (II) modeset(0): Modeline "800x600"x60.3   40.00  800 840 968 1056  600 601 605 628 +hsync +vsync (37.9 kHz d)
[    45.254] (II) modeset(0): Modeline "800x600"x56.2   36.00  800 824 896 1024  600 601 603 625 +hsync +vsync (35.2 kHz d)
[    45.254] (II) modeset(0): Modeline "840x525"x120.0   73.12  840 892 980 1120  525 526 529 544 doublescan -hsync +vsync (65.3 kHz d)
[    45.254] (II) modeset(0): Modeline "840x525"x119.8   59.50  840 864 880 920  525 526 529 540 doublescan +hsync -vsync (64.7 kHz d)
[    45.254] (II) modeset(0): Modeline "864x486"x59.9   32.50  864 888 968 1072  486 489 494 506 -hsync +vsync (30.3 kHz d)
[    45.254] (II) modeset(0): Modeline "864x486"x59.6   30.50  864 912 944 1024  486 489 494 500 +hsync -vsync (29.8 kHz d)
[    45.254] (II) modeset(0): Modeline "800x512"x120.3   51.56  800 800 828 832  512 512 514 515 doublescan +hsync +vsync (62.0 kHz d)
[    45.254] (II) modeset(0): Modeline "700x525"x120.0   61.00  700 744 820 940  525 526 532 541 doublescan +hsync +vsync (64.9 kHz d)
[    45.254] (II) modeset(0): Modeline "800x450"x119.9   59.12  800 848 928 1056  450 451 454 467 doublescan -hsync +vsync (56.0 kHz d)
[    45.254] (II) modeset(0): Modeline "800x450"x119.6   48.75  800 824 840 880  450 451 454 463 doublescan +hsync -vsync (55.4 kHz d)
[    45.254] (II) modeset(0): Modeline "640x512"x120.0   54.00  640 664 720 844  512 512 514 533 doublescan +hsync +vsync (64.0 kHz d)
[    45.254] (II) modeset(0): Modeline "720x450"x119.8   53.25  720 760 836 952  450 451 454 467 doublescan -hsync +vsync (55.9 kHz d)
[    45.254] (II) modeset(0): Modeline "700x450"x119.9   51.75  700 740 812 924  450 451 456 467 doublescan -hsync +vsync (56.0 kHz d)
[    45.254] (II) modeset(0): Modeline "700x450"x119.8   43.25  700 724 740 780  450 451 456 463 doublescan +hsync -vsync (55.4 kHz d)
[    45.254] (II) modeset(0): Modeline "640x480"x120.0   54.00  640 688 744 900  480 480 482 500 doublescan +hsync +vsync (60.0 kHz d)
[    45.254] (II) modeset(0): Modeline "640x480"x59.9   25.18  640 656 752 800  480 490 492 525 -hsync -vsync (31.5 kHz d)
[    45.254] (II) modeset(0): Modeline "720x405"x59.5   22.50  720 744 808 896  405 408 413 422 -hsync +vsync (25.1 kHz d)
[    45.254] (II) modeset(0): Modeline "720x405"x59.0   21.75  720 768 800 880  405 408 413 419 +hsync -vsync (24.7 kHz d)
[    45.254] (II) modeset(0): Modeline "684x384"x119.8   42.62  684 720 788 892  384 385 390 399 doublescan -hsync +vsync (47.8 kHz d)
[    45.254] (II) modeset(0): Modeline "684x384"x119.7   36.12  684 708 724 764  384 385 390 395 doublescan +hsync -vsync (47.3 kHz d)
[    45.254] (II) modeset(0): Modeline "680x384"x119.6   42.38  680 716 784 888  384 385 390 399 doublescan -hsync +vsync (47.7 kHz d)
[    45.254] (II) modeset(0): Modeline "680x384"x119.9   36.00  680 704 720 760  384 385 390 395 doublescan +hsync -vsync (47.4 kHz d)
[    45.254] (II) modeset(0): Modeline "640x400"x119.8   41.75  640 676 740 840  400 401 404 415 doublescan -hsync +vsync (49.7 kHz d)
[    45.254] (II) modeset(0): Modeline "640x400"x120.0   35.50  640 664 680 720  400 401 404 411 doublescan +hsync -vsync (49.3 kHz d)
[    45.254] (II) modeset(0): Modeline "576x432"x120.1   40.81  576 608 668 760  432 432 434 447 doublescan -hsync +vsync (53.7 kHz d)
[    45.254] (II) modeset(0): Modeline "640x360"x119.7   37.25  640 672 736 832  360 361 364 374 doublescan -hsync +vsync (44.8 kHz d)
[    45.254] (II) modeset(0): Modeline "640x360"x119.7   31.88  640 664 680 720  360 361 364 370 doublescan +hsync -vsync (44.3 kHz d)
[    45.254] (II) modeset(0): Modeline "640x360"x59.8   18.00  640 664 720 800  360 363 368 376 -hsync +vsync (22.5 kHz d)
[    45.254] (II) modeset(0): Modeline "640x360"x59.3   17.75  640 688 720 800  360 363 368 374 +hsync -vsync (22.2 kHz d)
[    45.254] (II) modeset(0): Modeline "512x384"x120.0   32.50  512 524 592 672  384 385 388 403 doublescan -hsync -vsync (48.4 kHz d)
[    45.254] (II) modeset(0): Modeline "512x288"x120.0   23.25  512 532 580 648  288 289 292 299 doublescan -hsync +vsync (35.9 kHz d)
[    45.254] (II) modeset(0): Modeline "512x288"x119.8   21.00  512 536 552 592  288 289 292 296 doublescan +hsync -vsync (35.5 kHz d)
[    45.254] (II) modeset(0): Modeline "480x270"x119.3   20.38  480 496 544 608  270 271 274 281 doublescan -hsync +vsync (33.5 kHz d)
[    45.254] (II) modeset(0): Modeline "480x270"x119.6   18.62  480 504 520 560  270 271 274 278 doublescan +hsync -vsync (33.3 kHz d)
[    45.254] (II) modeset(0): Modeline "400x300"x120.6   20.00  400 420 484 528  300 300 302 314 doublescan +hsync +vsync (37.9 kHz d)
[    45.254] (II) modeset(0): Modeline "400x300"x112.7   18.00  400 412 448 512  300 300 301 312 doublescan +hsync +vsync (35.2 kHz d)
[    45.254] (II) modeset(0): Modeline "432x243"x119.8   16.25  432 444 484 536  243 244 247 253 doublescan -hsync +vsync (30.3 kHz d)
[    45.254] (II) modeset(0): Modeline "432x243"x119.1   15.25  432 456 472 512  243 244 247 250 doublescan +hsync -vsync (29.8 kHz d)
[    45.254] (II) modeset(0): Modeline "320x240"x120.1   12.59  320 328 376 400  240 245 246 262 doublescan -hsync -vsync (31.5 kHz d)
[    45.254] (II) modeset(0): Modeline "360x202"x119.0   11.25  360 372 404 448  202 204 206 211 doublescan -hsync +vsync (25.1 kHz d)
[    45.254] (II) modeset(0): Modeline "360x202"x118.3   10.88  360 384 400 440  202 204 206 209 doublescan +hsync -vsync (24.7 kHz d)
[    45.254] (II) modeset(0): Modeline "320x180"x119.7    9.00  320 332 360 400  180 181 184 188 doublescan -hsync +vsync (22.5 kHz d)
[    45.254] (II) modeset(0): Modeline "320x180"x118.6    8.88  320 344 360 400  180 181 184 187 doublescan +hsync -vsync (22.2 kHz d)
[    45.263] (II) modeset(0): EDID for output HDMI-1
[    45.264] (II) modeset(0): EDID for output DP-1
[    45.273] (II) modeset(0): EDID for output HDMI-2
[    45.273] (II) modeset(0): Output eDP-1 connected
[    45.273] (II) modeset(0): Output HDMI-1 disconnected
[    45.273] (II) modeset(0): Output DP-1 disconnected
[    45.273] (II) modeset(0): Output HDMI-2 disconnected
[    45.273] (II) modeset(0): Using exact sizes for initial modes
[    45.273] (II) modeset(0): Output eDP-1 using initial mode 1920x1080 +0+0
[    45.273] (==) modeset(0): Using gamma correction (1.0, 1.0, 1.0)
[    45.273] (==) modeset(0): DPI set to (96, 96)
[    45.273] (II) Loading sub module "fb"
[    45.273] (II) LoadModule: "fb"
[    45.273] (II) Loading /usr/lib/xorg/modules/libfb.so
[    45.273] (II) Module fb: vendor="X.Org Foundation"
[    45.273] 	compiled for 1.20.5, module version = 1.0.0
[    45.273] 	ABI class: X.Org ANSI C Emulation, version 0.4
[    45.273] (II) UnloadModule: "fbdev"
[    45.273] (II) Unloading fbdev
[    45.273] (II) UnloadSubModule: "fbdevhw"
[    45.274] (II) Unloading fbdevhw
[    45.274] (II) UnloadModule: "vesa"
[    45.274] (II) Unloading vesa
[    45.280] (==) modeset(0): Backing store enabled
[    45.280] (==) modeset(0): Silken mouse enabled
[    45.340] (II) modeset(0): Initializing kms color map for depth 24, 8 bpc.
[    45.340] (==) modeset(0): DPMS enabled
[    45.341] (II) modeset(0): [DRI2] Setup complete
[    45.341] (II) modeset(0): [DRI2]   DRI driver: i965
[    45.341] (II) modeset(0): [DRI2]   VDPAU driver: va_gl
[    45.341] (II) Initializing extension Generic Event Extension
[    45.341] (II) Initializing extension SHAPE
[    45.342] (II) Initializing extension MIT-SHM
[    45.342] (II) Initializing extension XInputExtension
[    45.343] (II) Initializing extension XTEST
[    45.343] (II) Initializing extension BIG-REQUESTS
[    45.343] (II) Initializing extension SYNC
[    45.343] (II) Initializing extension XKEYBOARD
[    45.344] (II) Initializing extension XC-MISC
[    45.344] (II) Initializing extension SECURITY
[    45.344] (II) Initializing extension XFIXES
[    45.345] (II) Initializing extension RENDER
[    45.345] (II) Initializing extension RANDR
[    45.345] (II) Initializing extension COMPOSITE
[    45.346] (II) Initializing extension DAMAGE
[    45.346] (II) Initializing extension MIT-SCREEN-SAVER
[    45.346] (II) Initializing extension DOUBLE-BUFFER
[    45.346] (II) Initializing extension RECORD
[    45.347] (II) Initializing extension DPMS
[    45.347] (II) Initializing extension Present
[    45.347] (II) Initializing extension DRI3
[    45.347] (II) Initializing extension X-Resource
[    45.348] (II) Initializing extension XVideo
[    45.348] (II) Initializing extension XVideo-MotionCompensation
[    45.348] (II) Initializing extension SELinux
[    45.348] (II) SELinux: Disabled on system
[    45.348] (II) Initializing extension GLX
[    45.363] (II) AIGLX: Loaded and initialized i965
[    45.363] (II) GLX: Initialized DRI2 GL provider for screen 0
[    45.363] (II) Initializing extension XFree86-VidModeExtension
[    45.363] (II) Initializing extension XFree86-DGA
[    45.363] (II) Initializing extension XFree86-DRI
[    45.363] (II) Initializing extension DRI2
[    45.369] (II) modeset(0): Damage tracking initialized
[    45.369] (II) modeset(0): Setting screen physical size to 508 x 285
[    45.451] (II) config/udev: Adding input device Video Bus (/dev/input/event3)
[    45.451] (**) Video Bus: Applying InputClass "libinput keyboard catchall"
[    45.451] (II) LoadModule: "libinput"
[    45.451] (II) Loading /usr/lib/xorg/modules/input/libinput_drv.so
[    45.455] (II) Module libinput: vendor="X.Org Foundation"
[    45.455] 	compiled for 1.20.1, module version = 0.28.1
[    45.455] 	Module class: X.Org XInput Driver
[    45.455] 	ABI class: X.Org XInput driver, version 24.1
[    45.455] (II) Using input driver 'libinput' for 'Video Bus'
[    45.456] (II) systemd-logind: got fd for /dev/input/event3 13:67 fd 21 paused 0
[    45.456] (**) Video Bus: always reports core events
[    45.456] (**) Option "Device" "/dev/input/event3"
[    45.456] (**) Option "_source" "server/udev"
[    45.458] (II) event3  - Video Bus: is tagged by udev as: Keyboard
[    45.458] (II) event3  - Video Bus: device is a keyboard
[    45.458] (II) event3  - Video Bus: device removed
[    45.458] (**) Option "config_info" "udev:/sys/devices/LNXSYSTM:00/LNXSYBUS:00/PNP0A08:00/LNXVIDEO:00/input/input5/event3"
[    45.458] (II) XINPUT: Adding extended input device "Video Bus" (type: KEYBOARD, id 6)
[    45.458] (**) Option "xkb_model" "pc105"
[    45.458] (**) Option "xkb_layout" "us"
[    45.459] (II) event3  - Video Bus: is tagged by udev as: Keyboard
[    45.459] (II) event3  - Video Bus: device is a keyboard
[    45.460] (II) config/udev: Adding input device Power Button (/dev/input/event1)
[    45.460] (**) Power Button: Applying InputClass "libinput keyboard catchall"
[    45.461] (II) Using input driver 'libinput' for 'Power Button'
[    45.462] (II) systemd-logind: got fd for /dev/input/event1 13:65 fd 24 paused 0
[    45.462] (**) Power Button: always reports core events
[    45.462] (**) Option "Device" "/dev/input/event1"
[    45.462] (**) Option "_source" "server/udev"
[    45.463] (II) event1  - Power Button: is tagged by udev as: Keyboard
[    45.463] (II) event1  - Power Button: device is a keyboard
[    45.463] (II) event1  - Power Button: device removed
[    45.463] (**) Option "config_info" "udev:/sys/devices/LNXSYSTM:00/LNXSYBUS:00/PNP0C0C:00/input/input1/event1"
[    45.463] (II) XINPUT: Adding extended input device "Power Button" (type: KEYBOARD, id 7)
[    45.463] (**) Option "xkb_model" "pc105"
[    45.464] (**) Option "xkb_layout" "us"
[    45.465] (II) event1  - Power Button: is tagged by udev as: Keyboard
[    45.465] (II) event1  - Power Button: device is a keyboard
[    45.466] (II) config/udev: Adding input device Lid Switch (/dev/input/event0)
[    45.466] (II) No input driver specified, ignoring this device.
[    45.466] (II) This device may have been added with another device file.
[    45.468] (II) config/udev: Adding input device Integrated_Webcam_HD: Integrate (/dev/input/event9)
[    45.468] (**) Integrated_Webcam_HD: Integrate: Applying InputClass "libinput keyboard catchall"
[    45.468] (II) Using input driver 'libinput' for 'Integrated_Webcam_HD: Integrate'
[    45.470] (II) systemd-logind: got fd for /dev/input/event9 13:73 fd 25 paused 0
[    45.471] (**) Integrated_Webcam_HD: Integrate: always reports core events
[    45.471] (**) Option "Device" "/dev/input/event9"
[    45.471] (**) Option "_source" "server/udev"
[    45.472] (II) event9  - Integrated_Webcam_HD: Integrate: is tagged by udev as: Keyboard
[    45.472] (II) event9  - Integrated_Webcam_HD: Integrate: device is a keyboard
[    45.472] (II) event9  - Integrated_Webcam_HD: Integrate: device removed
[    45.472] (**) Option "config_info" "udev:/sys/devices/pci0000:00/0000:00:14.0/usb1/1-6/1-6:1.0/input/input19/event9"
[    45.472] (II) XINPUT: Adding extended input device "Integrated_Webcam_HD: Integrate" (type: KEYBOARD, id 8)
[    45.472] (**) Option "xkb_model" "pc105"
[    45.472] (**) Option "xkb_layout" "us"
[    45.474] (II) event9  - Integrated_Webcam_HD: Integrate: is tagged by udev as: Keyboard
[    45.474] (II) event9  - Integrated_Webcam_HD: Integrate: device is a keyboard
[    45.475] (II) config/udev: Adding input device DELL09EC:00 27C6:01E0 Touchpad (/dev/input/event8)
[    45.475] (**) DELL09EC:00 27C6:01E0 Touchpad: Applying InputClass "libinput touchpad catchall"
[    45.475] (II) Using input driver 'libinput' for 'DELL09EC:00 27C6:01E0 Touchpad'
[    45.477] (II) systemd-logind: got fd for /dev/input/event8 13:72 fd 26 paused 0
[    45.477] (**) DELL09EC:00 27C6:01E0 Touchpad: always reports core events
[    45.477] (**) Option "Device" "/dev/input/event8"
[    45.477] (**) Option "_source" "server/udev"
[    45.478] (II) event8  - DELL09EC:00 27C6:01E0 Touchpad: is tagged by udev as: Touchpad
[    45.479] (II) event8  - DELL09EC:00 27C6:01E0 Touchpad: device is a touchpad
[    45.479] (II) event8  - DELL09EC:00 27C6:01E0 Touchpad: device removed
[    45.479] (**) Option "config_info" "udev:/sys/devices/pci0000:00/0000:00:15.0/i2c_designware.0/i2c-6/i2c-DELL09EC:00/0018:27C6:01E0.0002/input/input17/event8"
[    45.479] (II) XINPUT: Adding extended input device "DELL09EC:00 27C6:01E0 Touchpad" (type: TOUCHPAD, id 9)
[    45.480] (**) Option "AccelerationScheme" "none"
[    45.480] (**) DELL09EC:00 27C6:01E0 Touchpad: (accel) selected scheme none/0
[    45.480] (**) DELL09EC:00 27C6:01E0 Touchpad: (accel) acceleration factor: 2.000
[    45.480] (**) DELL09EC:00 27C6:01E0 Touchpad: (accel) acceleration threshold: 4
[    45.481] (II) event8  - DELL09EC:00 27C6:01E0 Touchpad: is tagged by udev as: Touchpad
[    45.481] (II) event8  - DELL09EC:00 27C6:01E0 Touchpad: device is a touchpad
[    45.482] (II) config/udev: Adding input device DELL09EC:00 27C6:01E0 Touchpad (/dev/input/mouse1)
[    45.482] (II) No input driver specified, ignoring this device.
[    45.482] (II) This device may have been added with another device file.
[    45.482] (II) config/udev: Adding input device sof-skl_hda_card Headphone Mic (/dev/input/event10)
[    45.483] (II) No input driver specified, ignoring this device.
[    45.483] (II) This device may have been added with another device file.
[    45.483] (II) config/udev: Adding input device sof-skl_hda_card HDMI/DP,pcm=3 (/dev/input/event11)
[    45.483] (II) No input driver specified, ignoring this device.
[    45.483] (II) This device may have been added with another device file.
[    45.484] (II) config/udev: Adding input device sof-skl_hda_card HDMI/DP,pcm=4 (/dev/input/event12)
[    45.484] (II) No input driver specified, ignoring this device.
[    45.484] (II) This device may have been added with another device file.
[    45.485] (II) config/udev: Adding input device sof-skl_hda_card HDMI/DP,pcm=5 (/dev/input/event13)
[    45.485] (II) No input driver specified, ignoring this device.
[    45.485] (II) This device may have been added with another device file.
[    45.486] (II) config/udev: Adding input device Intel HID events (/dev/input/event5)
[    45.486] (**) Intel HID events: Applying InputClass "libinput keyboard catchall"
[    45.486] (II) Using input driver 'libinput' for 'Intel HID events'
[    45.487] (II) systemd-logind: got fd for /dev/input/event5 13:69 fd 27 paused 0
[    45.487] (**) Intel HID events: always reports core events
[    45.487] (**) Option "Device" "/dev/input/event5"
[    45.487] (**) Option "_source" "server/udev"
[    45.489] (II) event5  - Intel HID events: is tagged by udev as: Keyboard
[    45.489] (II) event5  - Intel HID events: device is a keyboard
[    45.489] (II) event5  - Intel HID events: device removed
[    45.489] (**) Option "config_info" "udev:/sys/devices/platform/INT33D5:00/input/input6/event5"
[    45.489] (II) XINPUT: Adding extended input device "Intel HID events" (type: KEYBOARD, id 10)
[    45.489] (**) Option "xkb_model" "pc105"
[    45.489] (**) Option "xkb_layout" "us"
[    45.490] (II) event5  - Intel HID events: is tagged by udev as: Keyboard
[    45.490] (II) event5  - Intel HID events: device is a keyboard
[    45.491] (II) config/udev: Adding input device Intel HID 5 button array (/dev/input/event6)
[    45.491] (**) Intel HID 5 button array: Applying InputClass "libinput keyboard catchall"
[    45.492] (II) Using input driver 'libinput' for 'Intel HID 5 button array'
[    45.493] (II) systemd-logind: got fd for /dev/input/event6 13:70 fd 28 paused 0
[    45.493] (**) Intel HID 5 button array: always reports core events
[    45.493] (**) Option "Device" "/dev/input/event6"
[    45.493] (**) Option "_source" "server/udev"
[    45.494] (II) event6  - Intel HID 5 button array: is tagged by udev as: Keyboard
[    45.494] (II) event6  - Intel HID 5 button array: device is a keyboard
[    45.494] (II) event6  - Intel HID 5 button array: device removed
[    45.494] (**) Option "config_info" "udev:/sys/devices/platform/INT33D5:00/input/input7/event6"
[    45.494] (II) XINPUT: Adding extended input device "Intel HID 5 button array" (type: KEYBOARD, id 11)
[    45.494] (**) Option "xkb_model" "pc105"
[    45.494] (**) Option "xkb_layout" "us"
[    45.496] (II) event6  - Intel HID 5 button array: is tagged by udev as: Keyboard
[    45.496] (II) event6  - Intel HID 5 button array: device is a keyboard
[    45.497] (II) config/udev: Adding input device Dell WMI hotkeys (/dev/input/event7)
[    45.497] (**) Dell WMI hotkeys: Applying InputClass "libinput keyboard catchall"
[    45.497] (II) Using input driver 'libinput' for 'Dell WMI hotkeys'
[    45.498] (II) systemd-logind: got fd for /dev/input/event7 13:71 fd 29 paused 0
[    45.498] (**) Dell WMI hotkeys: always reports core events
[    45.498] (**) Option "Device" "/dev/input/event7"
[    45.498] (**) Option "_source" "server/udev"
[    45.500] (II) event7  - Dell WMI hotkeys: is tagged by udev as: Keyboard
[    45.500] (II) event7  - Dell WMI hotkeys: device is a keyboard
[    45.500] (II) event7  - Dell WMI hotkeys: device removed
[    45.500] (**) Option "config_info" "udev:/sys/devices/platform/PNP0C14:03/wmi_bus/wmi_bus-PNP0C14:03/9DBB5994-A997-11DA-B012-B622A1EF5492/input/input8/event7"
[    45.500] (II) XINPUT: Adding extended input device "Dell WMI hotkeys" (type: KEYBOARD, id 12)
[    45.500] (**) Option "xkb_model" "pc105"
[    45.500] (**) Option "xkb_layout" "us"
[    45.501] (II) event7  - Dell WMI hotkeys: is tagged by udev as: Keyboard
[    45.501] (II) event7  - Dell WMI hotkeys: device is a keyboard
[    45.502] (II) config/udev: Adding input device AT Translated Set 2 keyboard (/dev/input/event2)
[    45.502] (**) AT Translated Set 2 keyboard: Applying InputClass "libinput keyboard catchall"
[    45.502] (II) Using input driver 'libinput' for 'AT Translated Set 2 keyboard'
[    45.504] (II) systemd-logind: got fd for /dev/input/event2 13:66 fd 30 paused 0
[    45.504] (**) AT Translated Set 2 keyboard: always reports core events
[    45.504] (**) Option "Device" "/dev/input/event2"
[    45.504] (**) Option "_source" "server/udev"
[    45.505] (II) event2  - AT Translated Set 2 keyboard: is tagged by udev as: Keyboard
[    45.505] (II) event2  - AT Translated Set 2 keyboard: device is a keyboard
[    45.505] (II) event2  - AT Translated Set 2 keyboard: device removed
[    45.505] (**) Option "config_info" "udev:/sys/devices/platform/i8042/serio0/input/input2/event2"
[    45.505] (II) XINPUT: Adding extended input device "AT Translated Set 2 keyboard" (type: KEYBOARD, id 13)
[    45.505] (**) Option "xkb_model" "pc105"
[    45.505] (**) Option "xkb_layout" "us"
[    45.507] (II) event2  - AT Translated Set 2 keyboard: is tagged by udev as: Keyboard
[    45.507] (II) event2  - AT Translated Set 2 keyboard: device is a keyboard
[    45.508] (II) config/udev: Adding input device PS/2 Generic Mouse (/dev/input/event4)
[    45.508] (**) PS/2 Generic Mouse: Applying InputClass "libinput pointer catchall"
[    45.508] (II) Using input driver 'libinput' for 'PS/2 Generic Mouse'
[    45.509] (II) systemd-logind: got fd for /dev/input/event4 13:68 fd 31 paused 0
[    45.509] (**) PS/2 Generic Mouse: always reports core events
[    45.509] (**) Option "Device" "/dev/input/event4"
[    45.509] (**) Option "_source" "server/udev"
[    45.510] (II) event4  - PS/2 Generic Mouse: is tagged by udev as: Mouse
[    45.510] (II) event4  - PS/2 Generic Mouse: device is a pointer
[    45.511] (II) event4  - PS/2 Generic Mouse: device removed
[    45.511] (**) Option "config_info" "udev:/sys/devices/platform/i8042/serio1/input/input4/event4"
[    45.511] (II) XINPUT: Adding extended input device "PS/2 Generic Mouse" (type: MOUSE, id 14)
[    45.511] (**) Option "AccelerationScheme" "none"
[    45.511] (**) PS/2 Generic Mouse: (accel) selected scheme none/0
[    45.511] (**) PS/2 Generic Mouse: (accel) acceleration factor: 2.000
[    45.511] (**) PS/2 Generic Mouse: (accel) acceleration threshold: 4
[    45.512] (II) event4  - PS/2 Generic Mouse: is tagged by udev as: Mouse
[    45.512] (II) event4  - PS/2 Generic Mouse: device is a pointer
[    45.513] (II) config/udev: Adding input device PS/2 Generic Mouse (/dev/input/mouse0)
[    45.513] (II) No input driver specified, ignoring this device.
[    45.513] (II) This device may have been added with another device file.
[    46.181] (II) modeset(0): EDID vendor "LGD", prod id 1674
[    46.181] (II) modeset(0): Printing DDC gathered Modelines:
[    46.181] (II) modeset(0): Modeline "1920x1080"x0.0  138.70  1920 1968 2000 2080  1080 1083 1088 1111 +hsync -vsync (66.7 kHz eP)
[    46.181] (II) modeset(0): Modeline "1920x1080"x0.0  110.96  1920 1968 2000 2080  1080 1083 1088 1111 +hsync -vsync (53.3 kHz e)
